This file contains any messages produced by compilers while
running configure, to aid debugging if configure makes a mistake.

It was created by cgdb configure 0.6.7, which was
generated by GNU Autoconf 2.69.  Invocation command line was

  $ ./configure --prefix=/usr/local

## --------- ##
## Platform. ##
## --------- ##

hostname = debian
uname -m = x86_64
uname -r = 3.2.0-4-amd64
uname -s = Linux
uname -v = #1 SMP Debian 3.2.57-3

/usr/bin/uname -p = unknown
/bin/uname -X     = unknown

/bin/arch              = unknown
/usr/bin/arch -k       = unknown
/usr/convex/getsysinfo = unknown
/usr/bin/hostinfo      = unknown
/bin/machine           = unknown
/usr/bin/oslevel       = unknown
/bin/universe          = unknown

PATH: /usr/local/go/bin
PATH: /usr/local/bin
PATH: /usr/bin
PATH: /bin
PATH: /usr/local/games
PATH: /usr/games


## ----------- ##
## Core tests. ##
## ----------- ##

configure:2275: checking for a BSD-compatible install
configure:2343: result: /usr/bin/install -c
configure:2354: checking whether build environment is sane
configure:2409: result: yes
configure:2560: checking for a thread-safe mkdir -p
configure:2599: result: /bin/mkdir -p
configure:2606: checking for gawk
configure:2622: found /usr/bin/gawk
configure:2633: result: gawk
configure:2644: checking whether make sets $(MAKE)
configure:2666: result: yes
configure:2695: checking whether make supports nested variables
configure:2712: result: yes
configure:2840: checking for gcc
configure:2856: found /usr/bin/gcc
configure:2867: result: gcc
configure:3096: checking for C compiler version
configure:3105: gcc --version >&5
gcc (Debian 4.7.2-5) 4.7.2
Copyright (C) 2012 Free Software Foundation, Inc.
This is free software; see the source for copying conditions.  There is NO
warranty; not even for MERCHANTABILITY or FITNESS FOR A PARTICULAR PURPOSE.

configure:3116: $? = 0
configure:3105: gcc -v >&5
Using built-in specs.
COLLECT_GCC=gcc
COLLECT_LTO_WRAPPER=/usr/lib/gcc/x86_64-linux-gnu/4.7/lto-wrapper
Target: x86_64-linux-gnu
Configured with: ../src/configure -v --with-pkgversion='Debian 4.7.2-5' --with-bugurl=file:///usr/share/doc/gcc-4.7/README.Bugs --enable-languages=c,c++,go,fortran,objc,obj-c++ --prefix=/usr --program-suffix=-4.7 --enable-shared --enable-linker-build-id --with-system-zlib --libexecdir=/usr/lib --without-included-gettext --enable-threads=posix --with-gxx-include-dir=/usr/include/c++/4.7 --libdir=/usr/lib --enable-nls --with-sysroot=/ --enable-clocale=gnu --enable-libstdcxx-debug --enable-libstdcxx-time=yes --enable-gnu-unique-object --enable-plugin --enable-objc-gc --with-arch-32=i586 --with-tune=generic --enable-checking=release --build=x86_64-linux-gnu --host=x86_64-linux-gnu --target=x86_64-linux-gnu
Thread model: posix
gcc version 4.7.2 (Debian 4.7.2-5) 
configure:3116: $? = 0
configure:3105: gcc -V >&5
gcc: error: unrecognized command line option '-V'
gcc: fatal error: no input files
compilation terminated.
configure:3116: $? = 4
configure:3105: gcc -qversion >&5
gcc: error: unrecognized command line option '-qversion'
gcc: fatal error: no input files
compilation terminated.
configure:3116: $? = 4
configure:3136: checking whether the C compiler works
configure:3158: gcc    conftest.c  >&5
configure:3162: $? = 0
configure:3210: result: yes
configure:3213: checking for C compiler default output file name
configure:3215: result: a.out
configure:3221: checking for suffix of executables
configure:3228: gcc -o conftest    conftest.c  >&5
configure:3232: $? = 0
configure:3254: result: 
configure:3276: checking whether we are cross compiling
configure:3284: gcc -o conftest    conftest.c  >&5
configure:3288: $? = 0
configure:3295: ./conftest
configure:3299: $? = 0
configure:3314: result: no
configure:3319: checking for suffix of object files
configure:3341: gcc -c   conftest.c >&5
configure:3345: $? = 0
configure:3366: result: o
configure:3370: checking whether we are using the GNU C compiler
configure:3389: gcc -c   conftest.c >&5
configure:3389: $? = 0
configure:3398: result: yes
configure:3407: checking whether gcc accepts -g
configure:3427: gcc -c -g  conftest.c >&5
configure:3427: $? = 0
configure:3468: result: yes
configure:3485: checking for gcc option to accept ISO C89
configure:3548: gcc  -c -g -O2  conftest.c >&5
configure:3548: $? = 0
configure:3561: result: none needed
configure:3592: checking for style of include used by make
configure:3620: result: GNU
configure:3646: checking dependency style of gcc
configure:3757: result: gcc3
configure:3773: checking whether gcc and cc understand -c and -o together
configure:3804: gcc -c conftest.c -o conftest2.o >&5
configure:3808: $? = 0
configure:3814: gcc -c conftest.c -o conftest2.o >&5
configure:3818: $? = 0
configure:3829: cc -c conftest.c >&5
configure:3833: $? = 0
configure:3841: cc -c conftest.c -o conftest2.o >&5
configure:3845: $? = 0
configure:3851: cc -c conftest.c -o conftest2.o >&5
configure:3855: $? = 0
configure:3873: result: yes
configure:3942: checking for ranlib
configure:3958: found /usr/bin/ranlib
configure:3969: result: ranlib
configure:3996: checking for flex
configure:4026: result: no
configure:3996: checking for lex
configure:4026: result: no
configure:4158: checking for bison
configure:4188: result: no
configure:4158: checking for byacc
configure:4188: result: no
configure:4202: checking build system type
configure:4216: result: x86_64-unknown-linux-gnu
configure:4236: checking host system type
configure:4249: result: x86_64-unknown-linux-gnu
configure:4290: checking how to run the C preprocessor
configure:4321: gcc -E  conftest.c
configure:4321: $? = 0
configure:4335: gcc -E  conftest.c
conftest.c:12:28: fatal error: ac_nonexistent.h: No such file or directory
compilation terminated.
configure:4335: $? = 1
configure: failed program was:
| /* confdefs.h */
| #define PACKAGE_NAME "cgdb"
| #define PACKAGE_TARNAME "cgdb"
| #define PACKAGE_VERSION "0.6.7"
| #define PACKAGE_STRING "cgdb 0.6.7"
| #define PACKAGE_BUGREPORT ""
| #define PACKAGE_URL ""
| #define PACKAGE "cgdb"
| #define VERSION "0.6.7"
| #define HAVE_LINUX 1
| /* end confdefs.h.  */
| #include <ac_nonexistent.h>
configure:4360: result: gcc -E
configure:4380: gcc -E  conftest.c
configure:4380: $? = 0
configure:4394: gcc -E  conftest.c
conftest.c:12:28: fatal error: ac_nonexistent.h: No such file or directory
compilation terminated.
configure:4394: $? = 1
configure: failed program was:
| /* confdefs.h */
| #define PACKAGE_NAME "cgdb"
| #define PACKAGE_TARNAME "cgdb"
| #define PACKAGE_VERSION "0.6.7"
| #define PACKAGE_STRING "cgdb 0.6.7"
| #define PACKAGE_BUGREPORT ""
| #define PACKAGE_URL ""
| #define PACKAGE "cgdb"
| #define VERSION "0.6.7"
| #define HAVE_LINUX 1
| /* end confdefs.h.  */
| #include <ac_nonexistent.h>
configure:4423: checking for grep that handles long lines and -e
configure:4481: result: /bin/grep
configure:4486: checking for egrep
configure:4548: result: /bin/grep -E
configure:4553: checking for ANSI C header files
configure:4573: gcc -c -g -O2  conftest.c >&5
configure:4573: $? = 0
configure:4646: gcc -o conftest -g -O2   conftest.c  >&5
configure:4646: $? = 0
configure:4646: ./conftest
configure:4646: $? = 0
configure:4657: result: yes
configure:4665: checking for sys/wait.h that is POSIX.1 compatible
configure:4691: gcc -c -g -O2  conftest.c >&5
configure:4691: $? = 0
configure:4698: result: yes
configure:4712: checking for sys/types.h
configure:4712: gcc -c -g -O2  conftest.c >&5
configure:4712: $? = 0
configure:4712: result: yes
configure:4712: checking for sys/stat.h
configure:4712: gcc -c -g -O2  conftest.c >&5
configure:4712: $? = 0
configure:4712: result: yes
configure:4712: checking for stdlib.h
configure:4712: gcc -c -g -O2  conftest.c >&5
configure:4712: $? = 0
configure:4712: result: yes
configure:4712: checking for string.h
configure:4712: gcc -c -g -O2  conftest.c >&5
configure:4712: $? = 0
configure:4712: result: yes
configure:4712: checking for memory.h
configure:4712: gcc -c -g -O2  conftest.c >&5
configure:4712: $? = 0
configure:4712: result: yes
configure:4712: checking for strings.h
configure:4712: gcc -c -g -O2  conftest.c >&5
configure:4712: $? = 0
configure:4712: result: yes
configure:4712: checking for inttypes.h
configure:4712: gcc -c -g -O2  conftest.c >&5
configure:4712: $? = 0
configure:4712: result: yes
configure:4712: checking for stdint.h
configure:4712: gcc -c -g -O2  conftest.c >&5
configure:4712: $? = 0
configure:4712: result: yes
configure:4712: checking for unistd.h
configure:4712: gcc -c -g -O2  conftest.c >&5
configure:4712: $? = 0
configure:4712: result: yes
configure:4727: checking pty.h usability
configure:4727: gcc -c -g -O2  conftest.c >&5
configure:4727: $? = 0
configure:4727: result: yes
configure:4727: checking pty.h presence
configure:4727: gcc -E  conftest.c
configure:4727: $? = 0
configure:4727: result: yes
configure:4727: checking for pty.h
configure:4727: result: yes
configure:4727: checking sys/stropts.h usability
configure:4727: gcc -c -g -O2  conftest.c >&5
configure:4727: $? = 0
configure:4727: result: yes
configure:4727: checking sys/stropts.h presence
configure:4727: gcc -E  conftest.c
configure:4727: $? = 0
configure:4727: result: yes
configure:4727: checking for sys/stropts.h
configure:4727: result: yes
configure:4727: checking util.h usability
configure:4727: gcc -c -g -O2  conftest.c >&5
conftest.c:58:18: fatal error: util.h: No such file or directory
compilation terminated.
configure:4727: $? = 1
configure: failed program was:
| /* confdefs.h */
| #define PACKAGE_NAME "cgdb"
| #define PACKAGE_TARNAME "cgdb"
| #define PACKAGE_VERSION "0.6.7"
| #define PACKAGE_STRING "cgdb 0.6.7"
| #define PACKAGE_BUGREPORT ""
| #define PACKAGE_URL ""
| #define PACKAGE "cgdb"
| #define VERSION "0.6.7"
| #define HAVE_LINUX 1
| #define STDC_HEADERS 1
| #define HAVE_SYS_WAIT_H 1
| #define HAVE_SYS_TYPES_H 1
| #define HAVE_SYS_STAT_H 1
| #define HAVE_STDLIB_H 1
| #define HAVE_STRING_H 1
| #define HAVE_MEMORY_H 1
| #define HAVE_STRINGS_H 1
| #define HAVE_INTTYPES_H 1
| #define HAVE_STDINT_H 1
| #define HAVE_UNISTD_H 1
| #define HAVE_PTY_H 1
| #define HAVE_SYS_STROPTS_H 1
| /* end confdefs.h.  */
| #include <stdio.h>
| #ifdef HAVE_SYS_TYPES_H
| # include <sys/types.h>
| #endif
| #ifdef HAVE_SYS_STAT_H
| # include <sys/stat.h>
| #endif
| #ifdef STDC_HEADERS
| # include <stdlib.h>
| # include <stddef.h>
| #else
| # ifdef HAVE_STDLIB_H
| #  include <stdlib.h>
| # endif
| #endif
| #ifdef HAVE_STRING_H
| # if !defined STDC_HEADERS && defined HAVE_MEMORY_H
| #  include <memory.h>
| # endif
| # include <string.h>
| #endif
| #ifdef HAVE_STRINGS_H
| # include <strings.h>
| #endif
| #ifdef HAVE_INTTYPES_H
| # include <inttypes.h>
| #endif
| #ifdef HAVE_STDINT_H
| # include <stdint.h>
| #endif
| #ifdef HAVE_UNISTD_H
| # include <unistd.h>
| #endif
| #include <util.h>
configure:4727: result: no
configure:4727: checking util.h presence
configure:4727: gcc -E  conftest.c
conftest.c:25:18: fatal error: util.h: No such file or directory
compilation terminated.
configure:4727: $? = 1
configure: failed program was:
| /* confdefs.h */
| #define PACKAGE_NAME "cgdb"
| #define PACKAGE_TARNAME "cgdb"
| #define PACKAGE_VERSION "0.6.7"
| #define PACKAGE_STRING "cgdb 0.6.7"
| #define PACKAGE_BUGREPORT ""
| #define PACKAGE_URL ""
| #define PACKAGE "cgdb"
| #define VERSION "0.6.7"
| #define HAVE_LINUX 1
| #define STDC_HEADERS 1
| #define HAVE_SYS_WAIT_H 1
| #define HAVE_SYS_TYPES_H 1
| #define HAVE_SYS_STAT_H 1
| #define HAVE_STDLIB_H 1
| #define HAVE_STRING_H 1
| #define HAVE_MEMORY_H 1
| #define HAVE_STRINGS_H 1
| #define HAVE_INTTYPES_H 1
| #define HAVE_STDINT_H 1
| #define HAVE_UNISTD_H 1
| #define HAVE_PTY_H 1
| #define HAVE_SYS_STROPTS_H 1
| /* end confdefs.h.  */
| #include <util.h>
configure:4727: result: no
configure:4727: checking for util.h
configure:4727: result: no
configure:4727: checking libutil.h usability
configure:4727: gcc -c -g -O2  conftest.c >&5
conftest.c:58:21: fatal error: libutil.h: No such file or directory
compilation terminated.
configure:4727: $? = 1
configure: failed program was:
| /* confdefs.h */
| #define PACKAGE_NAME "cgdb"
| #define PACKAGE_TARNAME "cgdb"
| #define PACKAGE_VERSION "0.6.7"
| #define PACKAGE_STRING "cgdb 0.6.7"
| #define PACKAGE_BUGREPORT ""
| #define PACKAGE_URL ""
| #define PACKAGE "cgdb"
| #define VERSION "0.6.7"
| #define HAVE_LINUX 1
| #define STDC_HEADERS 1
| #define HAVE_SYS_WAIT_H 1
| #define HAVE_SYS_TYPES_H 1
| #define HAVE_SYS_STAT_H 1
| #define HAVE_STDLIB_H 1
| #define HAVE_STRING_H 1
| #define HAVE_MEMORY_H 1
| #define HAVE_STRINGS_H 1
| #define HAVE_INTTYPES_H 1
| #define HAVE_STDINT_H 1
| #define HAVE_UNISTD_H 1
| #define HAVE_PTY_H 1
| #define HAVE_SYS_STROPTS_H 1
| /* end confdefs.h.  */
| #include <stdio.h>
| #ifdef HAVE_SYS_TYPES_H
| # include <sys/types.h>
| #endif
| #ifdef HAVE_SYS_STAT_H
| # include <sys/stat.h>
| #endif
| #ifdef STDC_HEADERS
| # include <stdlib.h>
| # include <stddef.h>
| #else
| # ifdef HAVE_STDLIB_H
| #  include <stdlib.h>
| # endif
| #endif
| #ifdef HAVE_STRING_H
| # if !defined STDC_HEADERS && defined HAVE_MEMORY_H
| #  include <memory.h>
| # endif
| # include <string.h>
| #endif
| #ifdef HAVE_STRINGS_H
| # include <strings.h>
| #endif
| #ifdef HAVE_INTTYPES_H
| # include <inttypes.h>
| #endif
| #ifdef HAVE_STDINT_H
| # include <stdint.h>
| #endif
| #ifdef HAVE_UNISTD_H
| # include <unistd.h>
| #endif
| #include <libutil.h>
configure:4727: result: no
configure:4727: checking libutil.h presence
configure:4727: gcc -E  conftest.c
conftest.c:25:21: fatal error: libutil.h: No such file or directory
compilation terminated.
configure:4727: $? = 1
configure: failed program was:
| /* confdefs.h */
| #define PACKAGE_NAME "cgdb"
| #define PACKAGE_TARNAME "cgdb"
| #define PACKAGE_VERSION "0.6.7"
| #define PACKAGE_STRING "cgdb 0.6.7"
| #define PACKAGE_BUGREPORT ""
| #define PACKAGE_URL ""
| #define PACKAGE "cgdb"
| #define VERSION "0.6.7"
| #define HAVE_LINUX 1
| #define STDC_HEADERS 1
| #define HAVE_SYS_WAIT_H 1
| #define HAVE_SYS_TYPES_H 1
| #define HAVE_SYS_STAT_H 1
| #define HAVE_STDLIB_H 1
| #define HAVE_STRING_H 1
| #define HAVE_MEMORY_H 1
| #define HAVE_STRINGS_H 1
| #define HAVE_INTTYPES_H 1
| #define HAVE_STDINT_H 1
| #define HAVE_UNISTD_H 1
| #define HAVE_PTY_H 1
| #define HAVE_SYS_STROPTS_H 1
| /* end confdefs.h.  */
| #include <libutil.h>
configure:4727: result: no
configure:4727: checking for libutil.h
configure:4727: result: no
configure:4740: checking termios.h usability
configure:4740: gcc -c -g -O2  conftest.c >&5
configure:4740: $? = 0
configure:4740: result: yes
configure:4740: checking termios.h presence
configure:4740: gcc -E  conftest.c
configure:4740: $? = 0
configure:4740: result: yes
configure:4740: checking for termios.h
configure:4740: result: yes
configure:4754: checking sys/select.h usability
configure:4754: gcc -c -g -O2  conftest.c >&5
configure:4754: $? = 0
configure:4754: result: yes
configure:4754: checking sys/select.h presence
configure:4754: gcc -E  conftest.c
configure:4754: $? = 0
configure:4754: result: yes
configure:4754: checking for sys/select.h
configure:4754: result: yes
configure:4768: checking errno.h usability
configure:4768: gcc -c -g -O2  conftest.c >&5
configure:4768: $? = 0
configure:4768: result: yes
configure:4768: checking errno.h presence
configure:4768: gcc -E  conftest.c
configure:4768: $? = 0
configure:4768: result: yes
configure:4768: checking for errno.h
configure:4768: result: yes
configure:4782: checking fcntl.h usability
configure:4782: gcc -c -g -O2  conftest.c >&5
configure:4782: $? = 0
configure:4782: result: yes
configure:4782: checking fcntl.h presence
configure:4782: gcc -E  conftest.c
configure:4782: $? = 0
configure:4782: result: yes
configure:4782: checking for fcntl.h
configure:4782: result: yes
configure:4796: checking grp.h usability
configure:4796: gcc -c -g -O2  conftest.c >&5
configure:4796: $? = 0
configure:4796: result: yes
configure:4796: checking grp.h presence
configure:4796: gcc -E  conftest.c
configure:4796: $? = 0
configure:4796: result: yes
configure:4796: checking for grp.h
configure:4796: result: yes
configure:4810: checking pwd.h usability
configure:4810: gcc -c -g -O2  conftest.c >&5
configure:4810: $? = 0
configure:4810: result: yes
configure:4810: checking pwd.h presence
configure:4810: gcc -E  conftest.c
configure:4810: $? = 0
configure:4810: result: yes
configure:4810: checking for pwd.h
configure:4810: result: yes
configure:4824: checking signal.h usability
configure:4824: gcc -c -g -O2  conftest.c >&5
configure:4824: $? = 0
configure:4824: result: yes
configure:4824: checking signal.h presence
configure:4824: gcc -E  conftest.c
configure:4824: $? = 0
configure:4824: result: yes
configure:4824: checking for signal.h
configure:4824: result: yes
configure:4838: checking stdarg.h usability
configure:4838: gcc -c -g -O2  conftest.c >&5
configure:4838: $? = 0
configure:4838: result: yes
configure:4838: checking stdarg.h presence
configure:4838: gcc -E  conftest.c
configure:4838: $? = 0
configure:4838: result: yes
configure:4838: checking for stdarg.h
configure:4838: result: yes
configure:4852: checking stdio.h usability
configure:4852: gcc -c -g -O2  conftest.c >&5
configure:4852: $? = 0
configure:4852: result: yes
configure:4852: checking stdio.h presence
configure:4852: gcc -E  conftest.c
configure:4852: $? = 0
configure:4852: result: yes
configure:4852: checking for stdio.h
configure:4852: result: yes
configure:4866: checking for stdlib.h
configure:4866: result: yes
configure:4880: checking for string.h
configure:4880: result: yes
configure:4894: checking sys/ioctl.h usability
configure:4894: gcc -c -g -O2  conftest.c >&5
configure:4894: $? = 0
configure:4894: result: yes
configure:4894: checking sys/ioctl.h presence
configure:4894: gcc -E  conftest.c
configure:4894: $? = 0
configure:4894: result: yes
configure:4894: checking for sys/ioctl.h
configure:4894: result: yes
configure:4908: checking for sys/stat.h
configure:4908: result: yes
configure:4922: checking sys/time.h usability
configure:4922: gcc -c -g -O2  conftest.c >&5
configure:4922: $? = 0
configure:4922: result: yes
configure:4922: checking sys/time.h presence
configure:4922: gcc -E  conftest.c
configure:4922: $? = 0
configure:4922: result: yes
configure:4922: checking for sys/time.h
configure:4922: result: yes
configure:4936: checking time.h usability
configure:4936: gcc -c -g -O2  conftest.c >&5
configure:4936: $? = 0
configure:4936: result: yes
configure:4936: checking time.h presence
configure:4936: gcc -E  conftest.c
configure:4936: $? = 0
configure:4936: result: yes
configure:4936: checking for time.h
configure:4936: result: yes
configure:4950: checking for sys/types.h
configure:4950: result: yes
configure:4964: checking for unistd.h
configure:4964: result: yes
configure:4978: checking ctype.h usability
configure:4978: gcc -c -g -O2  conftest.c >&5
configure:4978: $? = 0
configure:4978: result: yes
configure:4978: checking ctype.h presence
configure:4978: gcc -E  conftest.c
configure:4978: $? = 0
configure:4978: result: yes
configure:4978: checking for ctype.h
configure:4978: result: yes
configure:4992: checking limits.h usability
configure:4992: gcc -c -g -O2  conftest.c >&5
configure:4992: $? = 0
configure:4992: result: yes
configure:4992: checking limits.h presence
configure:4992: gcc -E  conftest.c
configure:4992: $? = 0
configure:4992: result: yes
configure:4992: checking for limits.h
configure:4992: result: yes
configure:5006: checking math.h usability
configure:5006: gcc -c -g -O2  conftest.c >&5
configure:5006: $? = 0
configure:5006: result: yes
configure:5006: checking math.h presence
configure:5006: gcc -E  conftest.c
configure:5006: $? = 0
configure:5006: result: yes
configure:5006: checking for math.h
configure:5006: result: yes
configure:5020: checking regex.h usability
configure:5020: gcc -c -g -O2  conftest.c >&5
configure:5020: $? = 0
configure:5020: result: yes
configure:5020: checking regex.h presence
configure:5020: gcc -E  conftest.c
configure:5020: $? = 0
configure:5020: result: yes
configure:5020: checking for regex.h
configure:5020: result: yes
configure:5034: checking curses.h usability
configure:5034: gcc -c -g -O2  conftest.c >&5
conftest.c:79:20: fatal error: curses.h: No such file or directory
compilation terminated.
configure:5034: $? = 1
configure: failed program was:
| /* confdefs.h */
| #define PACKAGE_NAME "cgdb"
| #define PACKAGE_TARNAME "cgdb"
| #define PACKAGE_VERSION "0.6.7"
| #define PACKAGE_STRING "cgdb 0.6.7"
| #define PACKAGE_BUGREPORT ""
| #define PACKAGE_URL ""
| #define PACKAGE "cgdb"
| #define VERSION "0.6.7"
| #define HAVE_LINUX 1
| #define STDC_HEADERS 1
| #define HAVE_SYS_WAIT_H 1
| #define HAVE_SYS_TYPES_H 1
| #define HAVE_SYS_STAT_H 1
| #define HAVE_STDLIB_H 1
| #define HAVE_STRING_H 1
| #define HAVE_MEMORY_H 1
| #define HAVE_STRINGS_H 1
| #define HAVE_INTTYPES_H 1
| #define HAVE_STDINT_H 1
| #define HAVE_UNISTD_H 1
| #define HAVE_PTY_H 1
| #define HAVE_SYS_STROPTS_H 1
| #define HAVE_TERMIOS_H 1
| #define HAVE_SYS_SELECT_H 1
| #define HAVE_ERRNO_H 1
| #define HAVE_FCNTL_H 1
| #define HAVE_GRP_H 1
| #define HAVE_PWD_H 1
| #define HAVE_SIGNAL_H 1
| #define HAVE_STDARG_H 1
| #define HAVE_STDIO_H 1
| #define HAVE_STDLIB_H 1
| #define HAVE_STRING_H 1
| #define HAVE_SYS_IOCTL_H 1
| #define HAVE_SYS_STAT_H 1
| #define HAVE_SYS_TIME_H 1
| #define HAVE_TIME_H 1
| #define HAVE_SYS_TYPES_H 1
| #define HAVE_UNISTD_H 1
| #define HAVE_CTYPE_H 1
| #define HAVE_LIMITS_H 1
| #define HAVE_MATH_H 1
| #define HAVE_REGEX_H 1
| /* end confdefs.h.  */
| #include <stdio.h>
| #ifdef HAVE_SYS_TYPES_H
| # include <sys/types.h>
| #endif
| #ifdef HAVE_SYS_STAT_H
| # include <sys/stat.h>
| #endif
| #ifdef STDC_HEADERS
| # include <stdlib.h>
| # include <stddef.h>
| #else
| # ifdef HAVE_STDLIB_H
| #  include <stdlib.h>
| # endif
| #endif
| #ifdef HAVE_STRING_H
| # if !defined STDC_HEADERS && defined HAVE_MEMORY_H
| #  include <memory.h>
| # endif
| # include <string.h>
| #endif
| #ifdef HAVE_STRINGS_H
| # include <strings.h>
| #endif
| #ifdef HAVE_INTTYPES_H
| # include <inttypes.h>
| #endif
| #ifdef HAVE_STDINT_H
| # include <stdint.h>
| #endif
| #ifdef HAVE_UNISTD_H
| # include <unistd.h>
| #endif
| #include <curses.h>
configure:5034: result: no
configure:5034: checking curses.h presence
configure:5034: gcc -E  conftest.c
conftest.c:46:20: fatal error: curses.h: No such file or directory
compilation terminated.
configure:5034: $? = 1
configure: failed program was:
| /* confdefs.h */
| #define PACKAGE_NAME "cgdb"
| #define PACKAGE_TARNAME "cgdb"
| #define PACKAGE_VERSION "0.6.7"
| #define PACKAGE_STRING "cgdb 0.6.7"
| #define PACKAGE_BUGREPORT ""
| #define PACKAGE_URL ""
| #define PACKAGE "cgdb"
| #define VERSION "0.6.7"
| #define HAVE_LINUX 1
| #define STDC_HEADERS 1
| #define HAVE_SYS_WAIT_H 1
| #define HAVE_SYS_TYPES_H 1
| #define HAVE_SYS_STAT_H 1
| #define HAVE_STDLIB_H 1
| #define HAVE_STRING_H 1
| #define HAVE_MEMORY_H 1
| #define HAVE_STRINGS_H 1
| #define HAVE_INTTYPES_H 1
| #define HAVE_STDINT_H 1
| #define HAVE_UNISTD_H 1
| #define HAVE_PTY_H 1
| #define HAVE_SYS_STROPTS_H 1
| #define HAVE_TERMIOS_H 1
| #define HAVE_SYS_SELECT_H 1
| #define HAVE_ERRNO_H 1
| #define HAVE_FCNTL_H 1
| #define HAVE_GRP_H 1
| #define HAVE_PWD_H 1
| #define HAVE_SIGNAL_H 1
| #define HAVE_STDARG_H 1
| #define HAVE_STDIO_H 1
| #define HAVE_STDLIB_H 1
| #define HAVE_STRING_H 1
| #define HAVE_SYS_IOCTL_H 1
| #define HAVE_SYS_STAT_H 1
| #define HAVE_SYS_TIME_H 1
| #define HAVE_TIME_H 1
| #define HAVE_SYS_TYPES_H 1
| #define HAVE_UNISTD_H 1
| #define HAVE_CTYPE_H 1
| #define HAVE_LIMITS_H 1
| #define HAVE_MATH_H 1
| #define HAVE_REGEX_H 1
| /* end confdefs.h.  */
| #include <curses.h>
configure:5034: result: no
configure:5034: checking for curses.h
configure:5034: result: no
configure:5044: checking ncurses/curses.h usability
configure:5044: gcc -c -g -O2  conftest.c >&5
conftest.c:79:28: fatal error: ncurses/curses.h: No such file or directory
compilation terminated.
configure:5044: $? = 1
configure: failed program was:
| /* confdefs.h */
| #define PACKAGE_NAME "cgdb"
| #define PACKAGE_TARNAME "cgdb"
| #define PACKAGE_VERSION "0.6.7"
| #define PACKAGE_STRING "cgdb 0.6.7"
| #define PACKAGE_BUGREPORT ""
| #define PACKAGE_URL ""
| #define PACKAGE "cgdb"
| #define VERSION "0.6.7"
| #define HAVE_LINUX 1
| #define STDC_HEADERS 1
| #define HAVE_SYS_WAIT_H 1
| #define HAVE_SYS_TYPES_H 1
| #define HAVE_SYS_STAT_H 1
| #define HAVE_STDLIB_H 1
| #define HAVE_STRING_H 1
| #define HAVE_MEMORY_H 1
| #define HAVE_STRINGS_H 1
| #define HAVE_INTTYPES_H 1
| #define HAVE_STDINT_H 1
| #define HAVE_UNISTD_H 1
| #define HAVE_PTY_H 1
| #define HAVE_SYS_STROPTS_H 1
| #define HAVE_TERMIOS_H 1
| #define HAVE_SYS_SELECT_H 1
| #define HAVE_ERRNO_H 1
| #define HAVE_FCNTL_H 1
| #define HAVE_GRP_H 1
| #define HAVE_PWD_H 1
| #define HAVE_SIGNAL_H 1
| #define HAVE_STDARG_H 1
| #define HAVE_STDIO_H 1
| #define HAVE_STDLIB_H 1
| #define HAVE_STRING_H 1
| #define HAVE_SYS_IOCTL_H 1
| #define HAVE_SYS_STAT_H 1
| #define HAVE_SYS_TIME_H 1
| #define HAVE_TIME_H 1
| #define HAVE_SYS_TYPES_H 1
| #define HAVE_UNISTD_H 1
| #define HAVE_CTYPE_H 1
| #define HAVE_LIMITS_H 1
| #define HAVE_MATH_H 1
| #define HAVE_REGEX_H 1
| /* end confdefs.h.  */
| #include <stdio.h>
| #ifdef HAVE_SYS_TYPES_H
| # include <sys/types.h>
| #endif
| #ifdef HAVE_SYS_STAT_H
| # include <sys/stat.h>
| #endif
| #ifdef STDC_HEADERS
| # include <stdlib.h>
| # include <stddef.h>
| #else
| # ifdef HAVE_STDLIB_H
| #  include <stdlib.h>
| # endif
| #endif
| #ifdef HAVE_STRING_H
| # if !defined STDC_HEADERS && defined HAVE_MEMORY_H
| #  include <memory.h>
| # endif
| # include <string.h>
| #endif
| #ifdef HAVE_STRINGS_H
| # include <strings.h>
| #endif
| #ifdef HAVE_INTTYPES_H
| # include <inttypes.h>
| #endif
| #ifdef HAVE_STDINT_H
| # include <stdint.h>
| #endif
| #ifdef HAVE_UNISTD_H
| # include <unistd.h>
| #endif
| #include <ncurses/curses.h>
configure:5044: result: no
configure:5044: checking ncurses/curses.h presence
configure:5044: gcc -E  conftest.c
conftest.c:46:28: fatal error: ncurses/curses.h: No such file or directory
compilation terminated.
configure:5044: $? = 1
configure: failed program was:
| /* confdefs.h */
| #define PACKAGE_NAME "cgdb"
| #define PACKAGE_TARNAME "cgdb"
| #define PACKAGE_VERSION "0.6.7"
| #define PACKAGE_STRING "cgdb 0.6.7"
| #define PACKAGE_BUGREPORT ""
| #define PACKAGE_URL ""
| #define PACKAGE "cgdb"
| #define VERSION "0.6.7"
| #define HAVE_LINUX 1
| #define STDC_HEADERS 1
| #define HAVE_SYS_WAIT_H 1
| #define HAVE_SYS_TYPES_H 1
| #define HAVE_SYS_STAT_H 1
| #define HAVE_STDLIB_H 1
| #define HAVE_STRING_H 1
| #define HAVE_MEMORY_H 1
| #define HAVE_STRINGS_H 1
| #define HAVE_INTTYPES_H 1
| #define HAVE_STDINT_H 1
| #define HAVE_UNISTD_H 1
| #define HAVE_PTY_H 1
| #define HAVE_SYS_STROPTS_H 1
| #define HAVE_TERMIOS_H 1
| #define HAVE_SYS_SELECT_H 1
| #define HAVE_ERRNO_H 1
| #define HAVE_FCNTL_H 1
| #define HAVE_GRP_H 1
| #define HAVE_PWD_H 1
| #define HAVE_SIGNAL_H 1
| #define HAVE_STDARG_H 1
| #define HAVE_STDIO_H 1
| #define HAVE_STDLIB_H 1
| #define HAVE_STRING_H 1
| #define HAVE_SYS_IOCTL_H 1
| #define HAVE_SYS_STAT_H 1
| #define HAVE_SYS_TIME_H 1
| #define HAVE_TIME_H 1
| #define HAVE_SYS_TYPES_H 1
| #define HAVE_UNISTD_H 1
| #define HAVE_CTYPE_H 1
| #define HAVE_LIMITS_H 1
| #define HAVE_MATH_H 1
| #define HAVE_REGEX_H 1
| /* end confdefs.h.  */
| #include <ncurses/curses.h>
configure:5044: result: no
configure:5044: checking for ncurses/curses.h
configure:5044: result: no
configure:5052: error: CGDB requires curses.h or ncurses/curses.h to build.

## ---------------- ##
## Cache variables. ##
## ---------------- ##

ac_cv_build=x86_64-unknown-linux-gnu
ac_cv_c_compiler_gnu=yes
ac_cv_env_CC_set=
ac_cv_env_CC_value=
ac_cv_env_CFLAGS_set=
ac_cv_env_CFLAGS_value=
ac_cv_env_CPPFLAGS_set=
ac_cv_env_CPPFLAGS_value=
ac_cv_env_CPP_set=
ac_cv_env_CPP_value=
ac_cv_env_LDFLAGS_set=
ac_cv_env_LDFLAGS_value=
ac_cv_env_LIBS_set=
ac_cv_env_LIBS_value=
ac_cv_env_YACC_set=
ac_cv_env_YACC_value=
ac_cv_env_YFLAGS_set=
ac_cv_env_YFLAGS_value=
ac_cv_env_build_alias_set=
ac_cv_env_build_alias_value=
ac_cv_env_host_alias_set=
ac_cv_env_host_alias_value=
ac_cv_env_target_alias_set=
ac_cv_env_target_alias_value=
ac_cv_header_ctype_h=yes
ac_cv_header_curses_h=no
ac_cv_header_errno_h=yes
ac_cv_header_fcntl_h=yes
ac_cv_header_grp_h=yes
ac_cv_header_inttypes_h=yes
ac_cv_header_libutil_h=no
ac_cv_header_limits_h=yes
ac_cv_header_math_h=yes
ac_cv_header_memory_h=yes
ac_cv_header_ncurses_curses_h=no
ac_cv_header_pty_h=yes
ac_cv_header_pwd_h=yes
ac_cv_header_regex_h=yes
ac_cv_header_signal_h=yes
ac_cv_header_stdarg_h=yes
ac_cv_header_stdc=yes
ac_cv_header_stdint_h=yes
ac_cv_header_stdio_h=yes
ac_cv_header_stdlib_h=yes
ac_cv_header_string_h=yes
ac_cv_header_strings_h=yes
ac_cv_header_sys_ioctl_h=yes
ac_cv_header_sys_select_h=yes
ac_cv_header_sys_stat_h=yes
ac_cv_header_sys_stropts_h=yes
ac_cv_header_sys_time_h=yes
ac_cv_header_sys_types_h=yes
ac_cv_header_sys_wait_h=yes
ac_cv_header_termios_h=yes
ac_cv_header_time_h=yes
ac_cv_header_unistd_h=yes
ac_cv_header_util_h=no
ac_cv_host=x86_64-unknown-linux-gnu
ac_cv_objext=o
ac_cv_path_EGREP='/bin/grep -E'
ac_cv_path_GREP=/bin/grep
ac_cv_path_install='/usr/bin/install -c'
ac_cv_path_mkdir=/bin/mkdir
ac_cv_prog_AWK=gawk
ac_cv_prog_CPP='gcc -E'
ac_cv_prog_ac_ct_CC=gcc
ac_cv_prog_ac_ct_RANLIB=ranlib
ac_cv_prog_cc_c89=
ac_cv_prog_cc_g=yes
ac_cv_prog_cc_gcc_c_o=yes
ac_cv_prog_make_make_set=yes
am_cv_CC_dependencies_compiler_type=gcc3
am_cv_make_support_nested_variables=yes

## ----------------- ##
## Output variables. ##
## ----------------- ##

ACLOCAL='${SHELL} /home/liqing/Dropbox/C/PROJECT/cgdb-0.6.7/config/missing aclocal-1.13'
AMDEPBACKSLASH='\'
AMDEP_FALSE='#'
AMDEP_TRUE=''
AMTAR='$${TAR-tar}'
AM_BACKSLASH='\'
AM_DEFAULT_V='$(AM_DEFAULT_VERBOSITY)'
AM_DEFAULT_VERBOSITY='1'
AM_V='$(V)'
AUTOCONF='${SHELL} /home/liqing/Dropbox/C/PROJECT/cgdb-0.6.7/config/missing autoconf'
AUTOHEADER='${SHELL} /home/liqing/Dropbox/C/PROJECT/cgdb-0.6.7/config/missing autoheader'
AUTOMAKE='${SHELL} /home/liqing/Dropbox/C/PROJECT/cgdb-0.6.7/config/missing automake-1.13'
AWK='gawk'
CC='gcc'
CCDEPMODE='depmode=gcc3'
CFLAGS='-g -O2'
CPP='gcc -E'
CPPFLAGS=''
CYGPATH_W='echo'
DEFS=''
DEPDIR='.deps'
ECHO_C=''
ECHO_N='-n'
ECHO_T=''
EGREP='/bin/grep -E'
EXEEXT=''
GREP='/bin/grep'
INSTALL_DATA='${INSTALL} -m 644'
INSTALL_PROGRAM='${INSTALL}'
INSTALL_SCRIPT='${INSTALL}'
INSTALL_STRIP_PROGRAM='$(install_sh) -c -s'
LDFLAGS=''
LEX='${SHELL} /home/liqing/Dropbox/C/PROJECT/cgdb-0.6.7/config/missing flex'
LEXLIB=''
LEX_OUTPUT_ROOT=''
LIBOBJS=''
LIBS=''
LTLIBOBJS=''
MAKEINFO='${SHELL} /home/liqing/Dropbox/C/PROJECT/cgdb-0.6.7/config/missing makeinfo'
MKDIR_P='/bin/mkdir -p'
OBJEXT='o'
PACKAGE='cgdb'
PACKAGE_BUGREPORT=''
PACKAGE_NAME='cgdb'
PACKAGE_STRING='cgdb 0.6.7'
PACKAGE_TARNAME='cgdb'
PACKAGE_URL=''
PACKAGE_VERSION='0.6.7'
PATH_SEPARATOR=':'
RANLIB='ranlib'
RL_MAJOR=''
RL_MINOR=''
RL_VERSION=''
SET_MAKE=''
SHELL='/bin/bash'
STRIP=''
VERSION='0.6.7'
YACC='yacc'
YFLAGS=''
ac_ct_CC='gcc'
am__EXEEXT_FALSE=''
am__EXEEXT_TRUE=''
am__fastdepCC_FALSE='#'
am__fastdepCC_TRUE=''
am__include='include'
am__isrc=''
am__leading_dot='.'
am__nodep='_no'
am__quote=''
am__tar='$${TAR-tar} chof - "$$tardir"'
am__untar='$${TAR-tar} xf -'
bindir='${exec_prefix}/bin'
build='x86_64-unknown-linux-gnu'
build_alias=''
build_cpu='x86_64'
build_os='linux-gnu'
build_vendor='unknown'
datadir='${datarootdir}'
datarootdir='${prefix}/share'
docdir='${datarootdir}/doc/${PACKAGE_TARNAME}'
dvidir='${docdir}'
exec_prefix='NONE'
host='x86_64-unknown-linux-gnu'
host_alias=''
host_cpu='x86_64'
host_os='linux-gnu'
host_vendor='unknown'
htmldir='${docdir}'
includedir='${prefix}/include'
infodir='${datarootdir}/info'
install_sh='${SHELL} /home/liqing/Dropbox/C/PROJECT/cgdb-0.6.7/config/install-sh'
libdir='${exec_prefix}/lib'
libexecdir='${exec_prefix}/libexec'
localedir='${datarootdir}/locale'
localstatedir='${prefix}/var'
mandir='${datarootdir}/man'
mkdir_p='$(MKDIR_P)'
oldincludedir='/usr/include'
pdfdir='${docdir}'
prefix='/usr/local'
program_transform_name='s,x,x,'
psdir='${docdir}'
sbindir='${exec_prefix}/sbin'
sharedstatedir='${prefix}/com'
sysconfdir='${prefix}/etc'
target_alias=''

## ----------- ##
## confdefs.h. ##
## ----------- ##

/* confdefs.h */
#define PACKAGE_NAME "cgdb"
#define PACKAGE_TARNAME "cgdb"
#define PACKAGE_VERSION "0.6.7"
#define PACKAGE_STRING "cgdb 0.6.7"
#define PACKAGE_BUGREPORT ""
#define PACKAGE_URL ""
#define PACKAGE "cgdb"
#define VERSION "0.6.7"
#define HAVE_LINUX 1
#define STDC_HEADERS 1
#define HAVE_SYS_WAIT_H 1
#define HAVE_SYS_TYPES_H 1
#define HAVE_SYS_STAT_H 1
#define HAVE_STDLIB_H 1
#define HAVE_STRING_H 1
#define HAVE_MEMORY_H 1
#define HAVE_STRINGS_H 1
#define HAVE_INTTYPES_H 1
#define HAVE_STDINT_H 1
#define HAVE_UNISTD_H 1
#define HAVE_PTY_H 1
#define HAVE_SYS_STROPTS_H 1
#define HAVE_TERMIOS_H 1
#define HAVE_SYS_SELECT_H 1
#define HAVE_ERRNO_H 1
#define HAVE_FCNTL_H 1
#define HAVE_GRP_H 1
#define HAVE_PWD_H 1
#define HAVE_SIGNAL_H 1
#define HAVE_STDARG_H 1
#define HAVE_STDIO_H 1
#define HAVE_STDLIB_H 1
#define HAVE_STRING_H 1
#define HAVE_SYS_IOCTL_H 1
#define HAVE_SYS_STAT_H 1
#define HAVE_SYS_TIME_H 1
#define HAVE_TIME_H 1
#define HAVE_SYS_TYPES_H 1
#define HAVE_UNISTD_H 1
#define HAVE_CTYPE_H 1
#define HAVE_LIMITS_H 1
#define HAVE_MATH_H 1
#define HAVE_REGEX_H 1

configure: exit 1
